\BOOKMARK [1][-]{section.1}{\376\377\000R\000e\000s\000u\000m\000e\000n}{}% 1
\BOOKMARK [1][-]{section.2}{\376\377\000I\000n\000t\000r\000o\000d\000u\000c\000c\000i\000\363\000n}{}% 2
\BOOKMARK [1][-]{section.3}{\376\377\000P\000l\000a\000n\000t\000e\000a\000m\000i\000e\000n\000t\000o\000\040\000d\000e\000l\000\040\000P\000r\000o\000b\000l\000e\000m\000a}{}% 3
\BOOKMARK [1][-]{section.4}{\376\377\000O\000b\000j\000e\000t\000i\000v\000o\000s}{}% 4
\BOOKMARK [2][-]{subsection.4.1}{\376\377\000O\000b\000j\000e\000t\000i\000v\000o\000\040\000G\000e\000n\000e\000r\000a\000l}{section.4}% 5
\BOOKMARK [2][-]{subsection.4.2}{\376\377\000O\000b\000j\000e\000t\000i\000v\000o\000s\000\040\000e\000s\000p\000e\000c\000\355\000f\000i\000c\000o\000s}{section.4}% 6
\BOOKMARK [1][-]{section.5}{\376\377\000L\000\355\000m\000i\000t\000e\000s\000\040\000y\000\040\000a\000l\000c\000a\000n\000c\000e\000s}{}% 7
\BOOKMARK [1][-]{section.6}{\376\377\000J\000u\000s\000t\000i\000f\000i\000c\000a\000c\000i\000\363\000n}{}% 8
\BOOKMARK [1][-]{section.7}{\376\377\000E\000s\000t\000a\000d\000o\000\040\000d\000e\000l\000\040\000A\000r\000t\000e}{}% 9
\BOOKMARK [1][-]{section.8}{\376\377\000M\000a\000r\000c\000o\000\040\000T\000e\000\363\000r\000i\000c\000o}{}% 10
\BOOKMARK [2][-]{subsection.8.1}{\376\377\000S\000i\000s\000t\000e\000m\000a\000s\000\040\000d\000e\000\040\000I\000n\000f\000o\000r\000m\000a\000c\000i\000\363\000n}{section.8}% 11
\BOOKMARK [2][-]{subsection.8.2}{\376\377\000P\000r\000u\000e\000b\000a\000s\000\040\000d\000e\000\040\000c\000a\000r\000g\000a}{section.8}% 12
\BOOKMARK [2][-]{subsection.8.3}{\376\377\000B\000a\000s\000e\000\040\000d\000e\000\040\000d\000a\000t\000o\000s}{section.8}% 13
\BOOKMARK [2][-]{subsection.8.4}{\376\377\000T\000e\000c\000n\000o\000l\000o\000g\000i\000a\000s\000\040\000y\000\040\000s\000o\000f\000t\000w\000a\000r\000e}{section.8}% 14
\BOOKMARK [1][-]{section.9}{\376\377\000D\000e\000s\000a\000r\000r\000o\000l\000l\000o}{}% 15
\BOOKMARK [2][-]{subsection.9.1}{\376\377\000C\000r\000o\000n\000o\000g\000r\000a\000m\000a\000\040\000d\000e\000\040\000a\000c\000t\000i\000v\000i\000d\000a\000d\000e\000s}{section.9}% 16
\BOOKMARK [2][-]{subsection.9.2}{\376\377\000I\000m\000p\000l\000e\000m\000e\000n\000t\000a\000c\000i\000o\000n\000\040\000d\000e\000\040\000I\000S\000O\000\040\0002\0000\0000\0000\000\040\000e\000n\000\040\000e\000l\000\040\000p\000r\000o\000y\000e\000c\000t\000o}{section.9}% 17
\BOOKMARK [2][-]{subsection.9.3}{\376\377\000D\000i\000a\000g\000r\000a\000m\000a\000\040\000d\000e\000\040\000C\000a\000s\000o\000s\000\040\000d\000e\000\040\000U\000s\000o}{section.9}% 18
\BOOKMARK [2][-]{subsection.9.4}{\376\377\000M\000a\000t\000r\000i\000z\000\040\000d\000e\000\040\000t\000r\000a\000z\000a\000b\000i\000l\000i\000d\000a\000d\000\040\000d\000e\000\040\000c\000a\000s\000o\000s\000\040\000d\000e\000\040\000u\000s\000o\000.}{section.9}% 19
\BOOKMARK [2][-]{subsection.9.5}{\376\377\000M\000a\000t\000r\000i\000z\000\040\000d\000e\000\040\000t\000r\000a\000z\000a\000b\000i\000l\000i\000d\000a\000d}{section.9}% 20
\BOOKMARK [2][-]{subsection.9.6}{\376\377\000D\000i\000a\000g\000r\000a\000m\000a\000\040\000d\000e\000\040\000f\000u\000n\000c\000i\000o\000n\000a\000m\000i\000e\000n\000t\000o}{section.9}% 21
\BOOKMARK [2][-]{subsection.9.7}{\376\377\000M\000o\000d\000e\000l\000o\000\040\000d\000e\000\040\000s\000o\000l\000u\000c\000i\000\363\000n\000\040\000d\000e\000\040\000s\000o\000f\000t\000w\000a\000r\000e}{section.9}% 22
\BOOKMARK [2][-]{subsection.9.8}{\376\377\000D\000i\000a\000g\000r\000a\000m\000a\000\040\000d\000e\000\040\000f\000u\000n\000c\000i\000o\000n\000a\000m\000i\000e\000n\000t\000o\000\040\000v\000e\000n\000t\000a\000n\000a\000\040\000p\000r\000i\000n\000c\000i\000p\000a\000l}{section.9}% 23
\BOOKMARK [2][-]{subsection.9.9}{\376\377\000D\000i\000a\000g\000r\000a\000m\000a\000\040\000e\000n\000t\000i\000d\000a\000d\000-\000r\000e\000l\000a\000c\000i\000\363\000n}{section.9}% 24
\BOOKMARK [2][-]{subsection.9.10}{\376\377\000D\000e\000s\000a\000r\000r\000o\000l\000l\000o\000\040\000d\000e\000\040\000A\000P\000I}{section.9}% 25
\BOOKMARK [2][-]{subsection.9.11}{\376\377\000L\000l\000a\000m\000a\000d\000a\000\040\000d\000e\000s\000d\000e\000\040\000l\000a\000\040\000a\000p\000l\000i\000c\000a\000c\000i\000\363\000n\000\040\000a\000l\000\040\000A\000P\000I}{section.9}% 26
\BOOKMARK [2][-]{subsection.9.12}{\376\377\000F\000r\000a\000g\000m\000e\000n\000t\000o\000\040\000d\000e\000\040\000c\000\363\000d\000i\000g\000o\000\040\000d\000e\000\040\000l\000a\000\040\000p\000a\000n\000t\000a\000l\000l\000a\000\040\000p\000a\000r\000a\000\040\000d\000a\000r\000\040\000d\000e\000\040\000a\000l\000t\000a\000\040\000u\000n\000a\000\040\000t\000a\000r\000e\000a}{section.9}% 27
\BOOKMARK [2][-]{subsection.9.13}{\376\377\000I\000m\000p\000l\000e\000m\000e\000n\000t\000a\000c\000i\000\363\000n\000\040\000w\000i\000d\000g\000e\000t\000\040\000n\000a\000t\000i\000v\000o}{section.9}% 28
\BOOKMARK [2][-]{subsection.9.14}{\376\377\000P\000r\000i\000n\000c\000i\000p\000a\000l\000e\000s\000\040\000f\000u\000n\000c\000i\000o\000n\000a\000l\000i\000d\000a\000d\000e\000s\000\040\000d\000e\000\040\000l\000a\000\040\000a\000p\000l\000i\000c\000a\000c\000i\000\363\000n\000.}{section.9}% 29
\BOOKMARK [1][-]{section.10}{\376\377\000C\000o\000n\000c\000l\000u\000s\000i\000\363\000n}{}% 30
\BOOKMARK [1][-]{section.10}{\376\377\000R\000e\000f\000e\000r\000e\000n\000c\000i\000a\000s}{}% 31
\BOOKMARK [1][-]{section.11}{\376\377\000A\000n\000e\000x\000o\000s}{}% 32
